c:\projects_cpp\ama-milestone\ama\debug\vc141.pdb
c:\projects_cpp\ama-milestone\ama\debug\vc141.idb
c:\projects_cpp\ama-milestone\ama\debug\ms2.obj
c:\projects_cpp\ama-milestone\ama\debug\errorstate.obj
c:\projects_cpp\ama-milestone\ama\debug\date.obj
c:\projects_cpp\ama-milestone\ama\debug\product.obj
c:\projects_cpp\ama-milestone\ama\debug\ms3.obj
c:\projects_cpp\ama-milestone\ama\debug\ama.exe
c:\projects_cpp\ama-milestone\ama\debug\ama.ilk
c:\projects_cpp\ama-milestone\ama\debug\ama.pdb
c:\projects_cpp\ama-milestone\ama\debug\ama.tlog\cl.command.1.tlog
c:\projects_cpp\ama-milestone\ama\debug\ama.tlog\cl.read.1.tlog
c:\projects_cpp\ama-milestone\ama\debug\ama.tlog\cl.write.1.tlog
c:\projects_cpp\ama-milestone\ama\debug\ama.tlog\link-cvtres.read.1.tlog
c:\projects_cpp\ama-milestone\ama\debug\ama.tlog\link-cvtres.write.1.tlog
c:\projects_cpp\ama-milestone\ama\debug\ama.tlog\link-rc.read.1.tlog
c:\projects_cpp\ama-milestone\ama\debug\ama.tlog\link-rc.write.1.tlog
c:\projects_cpp\ama-milestone\ama\debug\ama.tlog\link.10120-cvtres.read.1.tlog
c:\projects_cpp\ama-milestone\ama\debug\ama.tlog\link.10120-cvtres.write.1.tlog
c:\projects_cpp\ama-milestone\ama\debug\ama.tlog\link.10120-rc.read.1.tlog
c:\projects_cpp\ama-milestone\ama\debug\ama.tlog\link.10120-rc.write.1.tlog
c:\projects_cpp\ama-milestone\ama\debug\ama.tlog\link.10120.read.1.tlog
c:\projects_cpp\ama-milestone\ama\debug\ama.tlog\link.10120.write.1.tlog
c:\projects_cpp\ama-milestone\ama\debug\ama.tlog\link.command.1.tlog
c:\projects_cpp\ama-milestone\ama\debug\ama.tlog\link.read.1.tlog
c:\projects_cpp\ama-milestone\ama\debug\ama.tlog\link.write.1.tlog
